[0424/220753.075:ERROR:process_memory_win.cc(73)] ReadMemory at 0x7ff6495f0000 of 64 bytes failed: 仅完成部分的 ReadProcessMemory 或 WriteProcessMemory 请求。 (0x12B)
[0424/220753.077:WARNING:pe_image_reader.cc(302)] could not read dos header from C:\Program Files (x86)\Google\Chrome\Application\chrome.exe
[0424/220753.078:ERROR:process_memory_win.cc(73)] ReadMemory at 0x7ffa341d0000 of 64 bytes failed: 仅完成部分的 ReadProcessMemory 或 WriteProcessMemory 请求。 (0x12B)
[0424/220753.078:WARNING:pe_image_reader.cc(302)] could not read dos header from C:\WINDOWS\SYSTEM32\ntdll.dll
[0424/220753.078:ERROR:process_memory_win.cc(73)] ReadMemory at 0x7ffa336a0000 of 64 bytes failed: 仅完成部分的 ReadProcessMemory 或 WriteProcessMemory 请求。 (0x12B)
[0424/220753.078:WARNING:pe_image_reader.cc(302)] could not read dos header from C:\WINDOWS\System32\KERNEL32.DLL
[0424/220753.078:ERROR:process_memory_win.cc(73)] ReadMemory at 0x7ffa30bf0000 of 64 bytes failed: 仅完成部分的 ReadProcessMemory 或 WriteProcessMemory 请求。 (0x12B)
[0424/220753.078:WARNING:pe_image_reader.cc(302)] could not read dos header from C:\WINDOWS\System32\KERNELBASE.dll
[0424/220753.078:ERROR:process_memory_win.cc(73)] ReadMemory at 0x7ffa2db80000 of 64 bytes failed: 仅完成部分的 ReadProcessMemory 或 WriteProcessMemory 请求。 (0x12B)
[0424/220753.078:WARNING:pe_image_reader.cc(302)] could not read dos header from C:\WINDOWS\SYSTEM32\apphelp.dll
[0424/220753.078:ERROR:process_memory_win.cc(73)] ReadMemory at 0x7ffa32260000 of 64 bytes failed: 仅完成部分的 ReadProcessMemory 或 WriteProcessMemory 请求。 (0x12B)
[0424/220753.078:WARNING:pe_image_reader.cc(302)] could not read dos header from C:\WINDOWS\System32\SHELL32.dll
[0424/220753.078:ERROR:process_memory_win.cc(73)] ReadMemory at 0x7ffa33870000 of 64 bytes failed: 仅完成部分的 ReadProcessMemory 或 WriteProcessMemory 请求。 (0x12B)
[0424/220753.078:WARNING:pe_image_reader.cc(302)] could not read dos header from C:\WINDOWS\System32\msvcrt.dll
[0424/220753.078:ERROR:process_memory_win.cc(73)] ReadMemory at 0x7ffa309b0000 of 64 bytes failed: 仅完成部分的 ReadProcessMemory 或 WriteProcessMemory 请求。 (0x12B)
[0424/220753.078:WARNING:pe_image_reader.cc(302)] could not read dos header from C:\WINDOWS\System32\cfgmgr32.dll
[0424/220753.079:ERROR:process_memory_win.cc(73)] ReadMemory at 0x7ffa313b0000 of 64 bytes failed: 仅完成部分的 ReadProcessMemory 或 WriteProcessMemory 请求。 (0x12B)
[0424/220753.079:WARNING:pe_image_reader.cc(302)] could not read dos header from C:\WINDOWS\System32\ucrtbase.dll
[0424/220753.079:ERROR:process_memory_win.cc(73)] ReadMemory at 0x7ffa32090000 of 64 bytes failed: 仅完成部分的 ReadProcessMemory 或 WriteProcessMemory 请求。 (0x12B)
[0424/220753.079:WARNING:pe_image_reader.cc(302)] could not read dos header from C:\WINDOWS\System32\shcore.dll
[0424/220753.079:ERROR:process_memory_win.cc(73)] ReadMemory at 0x7ffa31970000 of 64 bytes failed: 仅完成部分的 ReadProcessMemory 或 WriteProcessMemory 请求。 (0x12B)
[0424/220753.079:WARNING:pe_image_reader.cc(302)] could not read dos header from C:\WINDOWS\System32\RPCRT4.dll
[0424/220753.079:ERROR:process_memory_win.cc(73)] ReadMemory at 0x7ffa31ab0000 of 64 bytes failed: 仅完成部分的 ReadProcessMemory 或 WriteProcessMemory 请求。 (0x12B)
[0424/220753.079:WARNING:pe_image_reader.cc(302)] could not read dos header from C:\WINDOWS\System32\combase.dll
[0424/220753.079:ERROR:process_memory_win.cc(73)] ReadMemory at 0x7ffa30f20000 of 64 bytes failed: 仅完成部分的 ReadProcessMemory 或 WriteProcessMemory 请求。 (0x12B)
[0424/220753.079:WARNING:pe_image_reader.cc(302)] could not read dos header from C:\WINDOWS\System32\bcryptPrimitives.dll
[0424/220753.079:ERROR:process_memory_win.cc(73)] ReadMemory at 0x7ffa302a0000 of 64 bytes failed: 仅完成部分的 ReadProcessMemory 或 WriteProcessMemory 请求。 (0x12B)
[0424/220753.079:WARNING:pe_image_reader.cc(302)] could not read dos header from C:\WINDOWS\System32\windows.storage.dll
[0424/220753.079:ERROR:process_memory_win.cc(73)] ReadMemory at 0x7ffa314b0000 of 64 bytes failed: 仅完成部分的 ReadProcessMemory 或 WriteProcessMemory 请求。 (0x12B)
[0424/220753.079:WARNING:pe_image_reader.cc(302)] could not read dos header from C:\WINDOWS\System32\advapi32.dll
[0424/220753.079:ERROR:process_memory_win.cc(73)] ReadMemory at 0x7ffa33ab0000 of 64 bytes failed: 仅完成部分的 ReadProcessMemory 或 WriteProcessMemory 请求。 (0x12B)
[0424/220753.079:WARNING:pe_image_reader.cc(302)] could not read dos header from C:\WINDOWS\System32\sechost.dll
[0424/220753.079:ERROR:process_memory_win.cc(73)] ReadMemory at 0x7ffa32030000 of 64 bytes failed: 仅完成部分的 ReadProcessMemory 或 WriteProcessMemory 请求。 (0x12B)
[0424/220753.079:WARNING:pe_image_reader.cc(302)] could not read dos header from C:\WINDOWS\System32\shlwapi.dll
[0424/220753.079:ERROR:process_memory_win.cc(73)] ReadMemory at 0x7ffa32000000 of 64 bytes failed: 仅完成部分的 ReadProcessMemory 或 WriteProcessMemory 请求。 (0x12B)
[0424/220753.079:WARNING:pe_image_reader.cc(302)] could not read dos header from C:\WINDOWS\System32\GDI32.dll
[0424/220753.079:ERROR:process_memory_win.cc(73)] ReadMemory at 0x7ffa31190000 of 64 bytes failed: 仅完成部分的 ReadProcessMemory 或 WriteProcessMemory 请求。 (0x12B)
[0424/220753.079:WARNING:pe_image_reader.cc(302)] could not read dos header from C:\WINDOWS\System32\gdi32full.dll
[0424/220753.079:ERROR:process_memory_win.cc(73)] ReadMemory at 0x7ffa30e80000 of 64 bytes failed: 仅完成部分的 ReadProcessMemory 或 WriteProcessMemory 请求。 (0x12B)
[0424/220753.079:WARNING:pe_image_reader.cc(302)] could not read dos header from C:\WINDOWS\System32\msvcp_win.dll
[0424/220753.080:ERROR:process_memory_win.cc(73)] ReadMemory at 0x7ffa317e0000 of 64 bytes failed: 仅完成部分的 ReadProcessMemory 或 WriteProcessMemory 请求。 (0x12B)
[0424/220753.080:WARNING:pe_image_reader.cc(302)] could not read dos header from C:\WINDOWS\System32\USER32.dll
[0424/220753.080:ERROR:process_memory_win.cc(73)] ReadMemory at 0x7ffa31390000 of 64 bytes failed: 仅完成部分的 ReadProcessMemory 或 WriteProcessMemory 请求。 (0x12B)
[0424/220753.080:WARNING:pe_image_reader.cc(302)] could not read dos header from C:\WINDOWS\System32\win32u.dll
[0424/220753.080:ERROR:process_memory_win.cc(73)] ReadMemory at 0x7ffa30230000 of 64 bytes failed: 仅完成部分的 ReadProcessMemory 或 WriteProcessMemory 请求。 (0x12B)
[0424/220753.080:WARNING:pe_image_reader.cc(302)] could not read dos header from C:\WINDOWS\System32\kernel.appcore.dll
[0424/220753.080:ERROR:process_memory_win.cc(73)] ReadMemory at 0x7ffa30200000 of 64 bytes failed: 仅完成部分的 ReadProcessMemory 或 WriteProcessMemory 请求。 (0x12B)
[0424/220753.080:WARNING:pe_image_reader.cc(302)] could not read dos header from C:\WINDOWS\System32\profapi.dll
[0424/220753.080:ERROR:process_memory_win.cc(73)] ReadMemory at 0x7ffa30ba0000 of 64 bytes failed: 仅完成部分的 ReadProcessMemory 或 WriteProcessMemory 请求。 (0x12B)
[0424/220753.080:WARNING:pe_image_reader.cc(302)] could not read dos header from C:\WINDOWS\System32\powrprof.dll
[0424/220753.080:ERROR:process_memory_win.cc(73)] ReadMemory at 0x7ffa30220000 of 64 bytes failed: 仅完成部分的 ReadProcessMemory 或 WriteProcessMemory 请求。 (0x12B)
[0424/220753.080:WARNING:pe_image_reader.cc(302)] could not read dos header from C:\WINDOWS\System32\FLTLIB.DLL
[0424/220753.080:ERROR:process_memory_win.cc(73)] ReadMemory at 0x7ffa30b70000 of 64 bytes failed: 仅完成部分的 ReadProcessMemory 或 WriteProcessMemory 请求。 (0x12B)
[0424/220753.080:WARNING:pe_image_reader.cc(302)] could not read dos header from C:\WINDOWS\System32\WINMM.dll
[0424/220753.080:ERROR:process_memory_win.cc(73)] ReadMemory at 0x7ffa30270000 of 64 bytes failed: 仅完成部分的 ReadProcessMemory 或 WriteProcessMemory 请求。 (0x12B)
[0424/220753.080:WARNING:pe_image_reader.cc(302)] could not read dos header from C:\WINDOWS\System32\WINMMBASE.dll
[0424/220753.080:ERROR:process_memory_win.cc(73)] ReadMemory at 0x7ffa31770000 of 64 bytes failed: 仅完成部分的 ReadProcessMemory 或 WriteProcessMemory 请求。 (0x12B)
[0424/220753.080:WARNING:pe_image_reader.cc(302)] could not read dos header from C:\WINDOWS\System32\PSAPI.DLL
[0424/220753.080:ERROR:process_memory_win.cc(73)] ReadMemory at 0x7ffa09980000 of 64 bytes failed: 仅完成部分的 ReadProcessMemory 或 WriteProcessMemory 请求。 (0x12B)
[0424/220753.080:WARNING:pe_image_reader.cc(302)] could not read dos header from C:\Program Files (x86)\Google\Chrome\Application\72.0.3626.119\chrome_elf.dll
[0424/220753.080:ERROR:process_memory_win.cc(73)] ReadMemory at 0x7ffa28d70000 of 64 bytes failed: 仅完成部分的 ReadProcessMemory 或 WriteProcessMemory 请求。 (0x12B)
[0424/220753.080:WARNING:pe_image_reader.cc(302)] could not read dos header from C:\WINDOWS\SYSTEM32\VERSION.dll
[0424/220753.080:ERROR:process_memory_win.cc(73)] ReadMemory at 0x7ffa30130000 of 64 bytes failed: 仅完成部分的 ReadProcessMemory 或 WriteProcessMemory 请求。 (0x12B)
[0424/220753.080:WARNING:pe_image_reader.cc(302)] could not read dos header from C:\WINDOWS\SYSTEM32\USERENV.dll
[0424/220753.081:ERROR:process_memory_win.cc(73)] ReadMemory at 0x7ffa2fc30000 of 64 bytes failed: 仅完成部分的 ReadProcessMemory 或 WriteProcessMemory 请求。 (0x12B)
[0424/220753.081:WARNING:pe_image_reader.cc(302)] could not read dos header from C:\WINDOWS\SYSTEM32\CRYPTBASE.DLL
[0424/220753.081:ERROR:process_memory_win.cc(73)] ReadMemory at 0x7ffa31de0000 of 64 bytes failed: 仅完成部分的 ReadProcessMemory 或 WriteProcessMemory 请求。 (0x12B)
[0424/220753.081:WARNING:pe_image_reader.cc(302)] could not read dos header from C:\WINDOWS\System32\IMM32.DLL
[0424/220753.081:ERROR:process_memory_win.cc(73)] ReadMemory at 0x7ff9caee0000 of 64 bytes failed: 仅完成部分的 ReadProcessMemory 或 WriteProcessMemory 请求。 (0x12B)
[0424/220753.081:WARNING:pe_image_reader.cc(302)] could not read dos header from C:\Program Files (x86)\Google\Chrome\Application\72.0.3626.119\chrome_child.dll
[0424/220753.081:ERROR:process_memory_win.cc(73)] ReadMemory at 0x7ffa31e10000 of 64 bytes failed: 仅完成部分的 ReadProcessMemory 或 WriteProcessMemory 请求。 (0x12B)
[0424/220753.081:WARNING:pe_image_reader.cc(302)] could not read dos header from C:\WINDOWS\System32\WS2_32.dll
[0424/220753.081:ERROR:process_memory_win.cc(73)] ReadMemory at 0x7ffa34040000 of 64 bytes failed: 仅完成部分的 ReadProcessMemory 或 WriteProcessMemory 请求。 (0x12B)
[0424/220753.081:WARNING:pe_image_reader.cc(302)] could not read dos header from C:\WINDOWS\System32\ole32.dll
[0424/220753.081:ERROR:process_memory_win.cc(73)] ReadMemory at 0x7ffa31f30000 of 64 bytes failed: 仅完成部分的 ReadProcessMemory 或 WriteProcessMemory 请求。 (0x12B)
[0424/220753.081:WARNING:pe_image_reader.cc(302)] could not read dos header from C:\WINDOWS\System32\OLEAUT32.dll
[0424/220753.081:ERROR:process_memory_win.cc(73)] ReadMemory at 0x7ffa31330000 of 64 bytes failed: 仅完成部分的 ReadProcessMemory 或 WriteProcessMemory 请求。 (0x12B)
[0424/220753.081:WARNING:pe_image_reader.cc(302)] could not read dos header from C:\WINDOWS\System32\WINTRUST.dll
[0424/220753.081:ERROR:process_memory_win.cc(73)] ReadMemory at 0x7ffa30250000 of 64 bytes failed: 仅完成部分的 ReadProcessMemory 或 WriteProcessMemory 请求。 (0x12B)
[0424/220753.081:WARNING:pe_image_reader.cc(302)] could not read dos header from C:\WINDOWS\System32\MSASN1.dll
[0424/220753.081:ERROR:process_memory_win.cc(73)] ReadMemory at 0x7ffa30fa0000 of 64 bytes failed: 仅完成部分的 ReadProcessMemory 或 WriteProcessMemory 请求。 (0x12B)
[0424/220753.081:WARNING:pe_image_reader.cc(302)] could not read dos header from C:\WINDOWS\System32\CRYPT32.dll
[0424/220753.081:ERROR:process_memory_win.cc(73)] ReadMemory at 0x7ffa30a00000 of 64 bytes failed: 仅完成部分的 ReadProcessMemory 或 WriteProcessMemory 请求。 (0x12B)
[0424/220753.081:WARNING:pe_image_reader.cc(302)] could not read dos header from C:\WINDOWS\System32\dxgi.dll
[0424/220753.081:ERROR:process_memory_win.cc(73)] ReadMemory at 0x7ffa33850000 of 64 bytes failed: 仅完成部分的 ReadProcessMemory 或 WriteProcessMemory 请求。 (0x12B)
[0424/220753.081:WARNING:pe_image_reader.cc(302)] could not read dos header from C:\WINDOWS\System32\USP10.dll
[0424/220753.081:ERROR:process_memory_win.cc(73)] ReadMemory at 0x2ed55280000 of 64 bytes failed: 仅完成部分的 ReadProcessMemory 或 WriteProcessMemory 请求。 (0x12B)
[0424/220753.081:WARNING:pe_image_reader.cc(302)] could not read dos header from C:\WINDOWS\System32\COMDLG32.dll
[0424/220753.081:ERROR:process_memory_win.cc(73)] ReadMemory at 0x7ffa2f7e0000 of 64 bytes failed: 仅完成部分的 ReadProcessMemory 或 WriteProcessMemory 请求。 (0x12B)
[0424/220753.081:WARNING:pe_image_reader.cc(302)] could not read dos header from C:\WINDOWS\SYSTEM32\IPHLPAPI.DLL
[0424/220753.081:ERROR:process_memory_win.cc(73)] ReadMemory at 0x7ffa2b720000 of 64 bytes failed: 仅完成部分的 ReadProcessMemory 或 WriteProcessMemory 请求。 (0x12B)
[0424/220753.081:WARNING:pe_image_reader.cc(302)] could not read dos header from C:\WINDOWS\SYSTEM32\OLEACC.dll
[0424/220753.081:ERROR:process_memory_win.cc(73)] ReadMemory at 0x7ffa20f60000 of 64 bytes failed: 仅完成部分的 ReadProcessMemory 或 WriteProcessMemory 请求。 (0x12B)
[0424/220753.081:WARNING:pe_image_reader.cc(302)] could not read dos header from C:\WINDOWS\SYSTEM32\DWrite.dll
[0424/220753.082:ERROR:process_memory_win.cc(73)] ReadMemory at 0x7ffa26dd0000 of 64 bytes failed: 仅完成部分的 ReadProcessMemory 或 WriteProcessMemory 请求。 (0x12B)
[0424/220753.082:WARNING:pe_image_reader.cc(302)] could not read dos header from C:\WINDOWS\SYSTEM32\WINSPOOL.DRV
[0424/220753.082:ERROR:process_memory_win.cc(73)] ReadMemory at 0x7ffa2ecf0000 of 64 bytes failed: 仅完成部分的 ReadProcessMemory 或 WriteProcessMemory 请求。 (0x12B)
[0424/220753.082:WARNING:pe_image_reader.cc(302)] could not read dos header from C:\WINDOWS\SYSTEM32\dbghelp.dll
[0424/220753.082:ERROR:process_memory_win.cc(73)] ReadMemory at 0x7ffa24d20000 of 64 bytes failed: 仅完成部分的 ReadProcessMemory 或 WriteProcessMemory 请求。 (0x12B)
[0424/220753.082:WARNING:pe_image_reader.cc(302)] could not read dos header from C:\WINDOWS\WinSxS\amd64_microsoft.windows.common-controls_6595b64144ccf1df_6.0.17134.706_none_fb43a2cb30647007\COMCTL32.dll
[0424/220753.082:ERROR:process_memory_win.cc(73)] ReadMemory at 0x7ffa26780000 of 64 bytes failed: 仅完成部分的 ReadProcessMemory 或 WriteProcessMemory 请求。 (0x12B)
[0424/220753.082:WARNING:pe_image_reader.cc(302)] could not read dos header from C:\WINDOWS\SYSTEM32\WINHTTP.dll
[0424/220753.082:ERROR:process_memory_win.cc(73)] ReadMemory at 0x7ffa22630000 of 64 bytes failed: 仅完成部分的 ReadProcessMemory 或 WriteProcessMemory 请求。 (0x12B)
[0424/220753.082:WARNING:pe_image_reader.cc(302)] could not read dos header from C:\WINDOWS\SYSTEM32\urlmon.dll
[0424/220753.082:ERROR:process_memory_win.cc(73)] ReadMemory at 0x7ffa222f0000 of 64 bytes failed: 仅完成部分的 ReadProcessMemory 或 WriteProcessMemory 请求。 (0x12B)
[0424/220753.082:WARNING:pe_image_reader.cc(302)] could not read dos header from C:\WINDOWS\SYSTEM32\Secur32.dll
[0424/220753.082:ERROR:process_memory_win.cc(73)] ReadMemory at 0x7ffa29ef0000 of 64 bytes failed: 仅完成部分的 ReadProcessMemory 或 WriteProcessMemory 请求。 (0x12B)
[0424/220753.082:WARNING:pe_image_reader.cc(302)] could not read dos header from C:\WINDOWS\SYSTEM32\dhcpcsvc.DLL
[0424/220753.082:ERROR:process_memory_win.cc(73)] ReadMemory at 0x7ffa31e80000 of 64 bytes failed: 仅完成部分的 ReadProcessMemory 或 WriteProcessMemory 请求。 (0x12B)
[0424/220753.082:WARNING:pe_image_reader.cc(302)] could not read dos header from C:\WINDOWS\System32\NSI.dll
[0424/220753.082:ERROR:process_memory_win.cc(73)] ReadMemory at 0x7ffa2e260000 of 64 bytes failed: 仅完成部分的 ReadProcessMemory 或 WriteProcessMemory 请求。 (0x12B)
[0424/220753.082:WARNING:pe_image_reader.cc(302)] could not read dos header from C:\WINDOWS\SYSTEM32\PROPSYS.dll
[0424/220753.082:ERROR:process_memory_win.cc(73)] ReadMemory at 0x7ffa2fd40000 of 64 bytes failed: 仅完成部分的 ReadProcessMemory 或 WriteProcessMemory 请求。 (0x12B)
[0424/220753.082:WARNING:pe_image_reader.cc(302)] could not read dos header from C:\WINDOWS\SYSTEM32\bcrypt.dll
[0424/220753.082:ERROR:process_memory_win.cc(73)] ReadMemory at 0x7ffa23650000 of 64 bytes failed: 仅完成部分的 ReadProcessMemory 或 WriteProcessMemory 请求。 (0x12B)
[0424/220753.082:WARNING:pe_image_reader.cc(302)] could not read dos header from C:\WINDOWS\SYSTEM32\iertutil.dll
[0424/220753.082:ERROR:process_memory_win.cc(73)] ReadMemory at 0x7ffa30100000 of 64 bytes failed: 仅完成部分的 ReadProcessMemory 或 WriteProcessMemory 请求。 (0x12B)
[0424/220753.082:WARNING:pe_image_reader.cc(302)] could not read dos header from C:\WINDOWS\SYSTEM32\SSPICLI.DLL
[0424/220753.091:ERROR:process_memory_win.cc(73)] ReadMemory at 0x7ff6495f0000 of 64 bytes failed: 仅完成部分的 ReadProcessMemory 或 WriteProcessMemory 请求。 (0x12B)
[0424/220753.091:WARNING:pe_image_reader.cc(302)] could not read dos header from C:\Program Files (x86)\Google\Chrome\Application\chrome.exe
[0424/220753.091:ERROR:process_memory_win.cc(73)] ReadMemory at 0x7ffa341d0000 of 64 bytes failed: 仅完成部分的 ReadProcessMemory 或 WriteProcessMemory 请求。 (0x12B)
[0424/220753.091:WARNING:pe_image_reader.cc(302)] could not read dos header from C:\WINDOWS\SYSTEM32\ntdll.dll
[0424/220753.091:ERROR:process_memory_win.cc(73)] ReadMemory at 0x7ffa336a0000 of 64 bytes failed: 仅完成部分的 ReadProcessMemory 或 WriteProcessMemory 请求。 (0x12B)
[0424/220753.091:WARNING:pe_image_reader.cc(302)] could not read dos header from C:\WINDOWS\System32\KERNEL32.DLL
[0424/220753.091:ERROR:process_memory_win.cc(73)] ReadMemory at 0x7ffa30bf0000 of 64 bytes failed: 仅完成部分的 ReadProcessMemory 或 WriteProcessMemory 请求。 (0x12B)
[0424/220753.091:WARNING:pe_image_reader.cc(302)] could not read dos header from C:\WINDOWS\System32\KERNELBASE.dll
[0424/220753.091:ERROR:process_memory_win.cc(73)] ReadMemory at 0x7ffa2db80000 of 64 bytes failed: 仅完成部分的 ReadProcessMemory 或 WriteProcessMemory 请求。 (0x12B)
[0424/220753.091:WARNING:pe_image_reader.cc(302)] could not read dos header from C:\WINDOWS\SYSTEM32\apphelp.dll
[0424/220753.091:ERROR:process_memory_win.cc(73)] ReadMemory at 0x7ffa32260000 of 64 bytes failed: 仅完成部分的 ReadProcessMemory 或 WriteProcessMemory 请求。 (0x12B)
[0424/220753.091:WARNING:pe_image_reader.cc(302)] could not read dos header from C:\WINDOWS\System32\SHELL32.dll
[0424/220753.091:ERROR:process_memory_win.cc(73)] ReadMemory at 0x7ffa33870000 of 64 bytes failed: 仅完成部分的 ReadProcessMemory 或 WriteProcessMemory 请求。 (0x12B)
[0424/220753.091:WARNING:pe_image_reader.cc(302)] could not read dos header from C:\WINDOWS\System32\msvcrt.dll
[0424/220753.091:ERROR:process_memory_win.cc(73)] ReadMemory at 0x7ffa309b0000 of 64 bytes failed: 仅完成部分的 ReadProcessMemory 或 WriteProcessMemory 请求。 (0x12B)
[0424/220753.092:WARNING:pe_image_reader.cc(302)] could not read dos header from C:\WINDOWS\System32\cfgmgr32.dll
[0424/220753.092:ERROR:process_memory_win.cc(73)] ReadMemory at 0x7ffa313b0000 of 64 bytes failed: 仅完成部分的 ReadProcessMemory 或 WriteProcessMemory 请求。 (0x12B)
[0424/220753.092:WARNING:pe_image_reader.cc(302)] could not read dos header from C:\WINDOWS\System32\ucrtbase.dll
[0424/220753.092:ERROR:process_memory_win.cc(73)] ReadMemory at 0x7ffa32090000 of 64 bytes failed: 仅完成部分的 ReadProcessMemory 或 WriteProcessMemory 请求。 (0x12B)
[0424/220753.092:WARNING:pe_image_reader.cc(302)] could not read dos header from C:\WINDOWS\System32\shcore.dll
[0424/220753.092:ERROR:process_memory_win.cc(73)] ReadMemory at 0x7ffa31970000 of 64 bytes failed: 仅完成部分的 ReadProcessMemory 或 WriteProcessMemory 请求。 (0x12B)
[0424/220753.092:WARNING:pe_image_reader.cc(302)] could not read dos header from C:\WINDOWS\System32\RPCRT4.dll
[0424/220753.092:ERROR:process_memory_win.cc(73)] ReadMemory at 0x7ffa31ab0000 of 64 bytes failed: 仅完成部分的 ReadProcessMemory 或 WriteProcessMemory 请求。 (0x12B)
[0424/220753.092:WARNING:pe_image_reader.cc(302)] could not read dos header from C:\WINDOWS\System32\combase.dll
[0424/220753.092:ERROR:process_memory_win.cc(73)] ReadMemory at 0x7ffa30f20000 of 64 bytes failed: 仅完成部分的 ReadProcessMemory 或 WriteProcessMemory 请求。 (0x12B)
[0424/220753.092:WARNING:pe_image_reader.cc(302)] could not read dos header from C:\WINDOWS\System32\bcryptPrimitives.dll
[0424/220753.092:ERROR:process_memory_win.cc(73)] ReadMemory at 0x7ffa302a0000 of 64 bytes failed: 仅完成部分的 ReadProcessMemory 或 WriteProcessMemory 请求。 (0x12B)
[0424/220753.092:WARNING:pe_image_reader.cc(302)] could not read dos header from C:\WINDOWS\System32\windows.storage.dll
[0424/220753.092:ERROR:process_memory_win.cc(73)] ReadMemory at 0x7ffa314b0000 of 64 bytes failed: 仅完成部分的 ReadProcessMemory 或 WriteProcessMemory 请求。 (0x12B)
[0424/220753.092:WARNING:pe_image_reader.cc(302)] could not read dos header from C:\WINDOWS\System32\advapi32.dll
[0424/220753.092:ERROR:process_memory_win.cc(73)] ReadMemory at 0x7ffa33ab0000 of 64 bytes failed: 仅完成部分的 ReadProcessMemory 或 WriteProcessMemory 请求。 (0x12B)
[0424/220753.092:WARNING:pe_image_reader.cc(302)] could not read dos header from C:\WINDOWS\System32\sechost.dll
[0424/220753.092:ERROR:process_memory_win.cc(73)] ReadMemory at 0x7ffa32030000 of 64 bytes failed: 仅完成部分的 ReadProcessMemory 或 WriteProcessMemory 请求。 (0x12B)
[0424/220753.092:WARNING:pe_image_reader.cc(302)] could not read dos header from C:\WINDOWS\System32\shlwapi.dll
[0424/220753.092:ERROR:process_memory_win.cc(73)] ReadMemory at 0x7ffa32000000 of 64 bytes failed: 仅完成部分的 ReadProcessMemory 或 WriteProcessMemory 请求。 (0x12B)
[0424/220753.092:WARNING:pe_image_reader.cc(302)] could not read dos header from C:\WINDOWS\System32\GDI32.dll
[0424/220753.092:ERROR:process_memory_win.cc(73)] ReadMemory at 0x7ffa31190000 of 64 bytes failed: 仅完成部分的 ReadProcessMemory 或 WriteProcessMemory 请求。 (0x12B)
[0424/220753.092:WARNING:pe_image_reader.cc(302)] could not read dos header from C:\WINDOWS\System32\gdi32full.dll
[0424/220753.092:ERROR:process_memory_win.cc(73)] ReadMemory at 0x7ffa30e80000 of 64 bytes failed: 仅完成部分的 ReadProcessMemory 或 WriteProcessMemory 请求。 (0x12B)
[0424/220753.092:WARNING:pe_image_reader.cc(302)] could not read dos header from C:\WINDOWS\System32\msvcp_win.dll
[0424/220753.092:ERROR:process_memory_win.cc(73)] ReadMemory at 0x7ffa317e0000 of 64 bytes failed: 仅完成部分的 ReadProcessMemory 或 WriteProcessMemory 请求。 (0x12B)
[0424/220753.092:WARNING:pe_image_reader.cc(302)] could not read dos header from C:\WINDOWS\System32\USER32.dll
[0424/220753.092:ERROR:process_memory_win.cc(73)] ReadMemory at 0x7ffa31390000 of 64 bytes failed: 仅完成部分的 ReadProcessMemory 或 WriteProcessMemory 请求。 (0x12B)
[0424/220753.092:WARNING:pe_image_reader.cc(302)] could not read dos header from C:\WINDOWS\System32\win32u.dll
[0424/220753.093:ERROR:process_memory_win.cc(73)] ReadMemory at 0x7ffa30230000 of 64 bytes failed: 仅完成部分的 ReadProcessMemory 或 WriteProcessMemory 请求。 (0x12B)
[0424/220753.093:WARNING:pe_image_reader.cc(302)] could not read dos header from C:\WINDOWS\System32\kernel.appcore.dll
[0424/220753.093:ERROR:process_memory_win.cc(73)] ReadMemory at 0x7ffa30200000 of 64 bytes failed: 仅完成部分的 ReadProcessMemory 或 WriteProcessMemory 请求。 (0x12B)
[0424/220753.093:WARNING:pe_image_reader.cc(302)] could not read dos header from C:\WINDOWS\System32\profapi.dll
[0424/220753.093:ERROR:process_memory_win.cc(73)] ReadMemory at 0x7ffa30ba0000 of 64 bytes failed: 仅完成部分的 ReadProcessMemory 或 WriteProcessMemory 请求。 (0x12B)
[0424/220753.093:WARNING:pe_image_reader.cc(302)] could not read dos header from C:\WINDOWS\System32\powrprof.dll
[0424/220753.093:ERROR:process_memory_win.cc(73)] ReadMemory at 0x7ffa30220000 of 64 bytes failed: 仅完成部分的 ReadProcessMemory 或 WriteProcessMemory 请求。 (0x12B)
[0424/220753.093:WARNING:pe_image_reader.cc(302)] could not read dos header from C:\WINDOWS\System32\FLTLIB.DLL
[0424/220753.093:ERROR:process_memory_win.cc(73)] ReadMemory at 0x7ffa30b70000 of 64 bytes failed: 仅完成部分的 ReadProcessMemory 或 WriteProcessMemory 请求。 (0x12B)
[0424/220753.093:WARNING:pe_image_reader.cc(302)] could not read dos header from C:\WINDOWS\System32\WINMM.dll
[0424/220753.093:ERROR:process_memory_win.cc(73)] ReadMemory at 0x7ffa30270000 of 64 bytes failed: 仅完成部分的 ReadProcessMemory 或 WriteProcessMemory 请求。 (0x12B)
[0424/220753.093:WARNING:pe_image_reader.cc(302)] could not read dos header from C:\WINDOWS\System32\WINMMBASE.dll
[0424/220753.093:ERROR:process_memory_win.cc(73)] ReadMemory at 0x7ffa31770000 of 64 bytes failed: 仅完成部分的 ReadProcessMemory 或 WriteProcessMemory 请求。 (0x12B)
[0424/220753.093:WARNING:pe_image_reader.cc(302)] could not read dos header from C:\WINDOWS\System32\PSAPI.DLL
[0424/220753.093:ERROR:process_memory_win.cc(73)] ReadMemory at 0x7ffa09980000 of 64 bytes failed: 仅完成部分的 ReadProcessMemory 或 WriteProcessMemory 请求。 (0x12B)
[0424/220753.093:WARNING:pe_image_reader.cc(302)] could not read dos header from C:\Program Files (x86)\Google\Chrome\Application\72.0.3626.119\chrome_elf.dll
[0424/220753.093:ERROR:process_memory_win.cc(73)] ReadMemory at 0x7ffa28d70000 of 64 bytes failed: 仅完成部分的 ReadProcessMemory 或 WriteProcessMemory 请求。 (0x12B)
[0424/220753.093:WARNING:pe_image_reader.cc(302)] could not read dos header from C:\WINDOWS\SYSTEM32\VERSION.dll
[0424/220753.093:ERROR:process_memory_win.cc(73)] ReadMemory at 0x7ffa30130000 of 64 bytes failed: 仅完成部分的 ReadProcessMemory 或 WriteProcessMemory 请求。 (0x12B)
[0424/220753.093:WARNING:pe_image_reader.cc(302)] could not read dos header from C:\WINDOWS\SYSTEM32\USERENV.dll
[0424/220753.093:ERROR:process_memory_win.cc(73)] ReadMemory at 0x7ffa2fc30000 of 64 bytes failed: 仅完成部分的 ReadProcessMemory 或 WriteProcessMemory 请求。 (0x12B)
[0424/220753.093:WARNING:pe_image_reader.cc(302)] could not read dos header from C:\WINDOWS\SYSTEM32\CRYPTBASE.DLL
[0424/220753.093:ERROR:process_memory_win.cc(73)] ReadMemory at 0x7ffa31de0000 of 64 bytes failed: 仅完成部分的 ReadProcessMemory 或 WriteProcessMemory 请求。 (0x12B)
[0424/220753.093:WARNING:pe_image_reader.cc(302)] could not read dos header from C:\WINDOWS\System32\IMM32.DLL
[0424/220753.093:ERROR:process_memory_win.cc(73)] ReadMemory at 0x7ff9caee0000 of 64 bytes failed: 仅完成部分的 ReadProcessMemory 或 WriteProcessMemory 请求。 (0x12B)
[0424/220753.093:WARNING:pe_image_reader.cc(302)] could not read dos header from C:\Program Files (x86)\Google\Chrome\Application\72.0.3626.119\chrome_child.dll
[0424/220753.093:ERROR:process_memory_win.cc(73)] ReadMemory at 0x7ffa31e10000 of 64 bytes failed: 仅完成部分的 ReadProcessMemory 或 WriteProcessMemory 请求。 (0x12B)
[0424/220753.093:WARNING:pe_image_reader.cc(302)] could not read dos header from C:\WINDOWS\System32\WS2_32.dll
[0424/220753.093:ERROR:process_memory_win.cc(73)] ReadMemory at 0x7ffa34040000 of 64 bytes failed: 仅完成部分的 ReadProcessMemory 或 WriteProcessMemory 请求。 (0x12B)
[0424/220753.093:WARNING:pe_image_reader.cc(302)] could not read dos header from C:\WINDOWS\System32\ole32.dll
[0424/220753.093:ERROR:process_memory_win.cc(73)] ReadMemory at 0x7ffa31f30000 of 64 bytes failed: 仅完成部分的 ReadProcessMemory 或 WriteProcessMemory 请求。 (0x12B)
[0424/220753.093:WARNING:pe_image_reader.cc(302)] could not read dos header from C:\WINDOWS\System32\OLEAUT32.dll
[0424/220753.093:ERROR:process_memory_win.cc(73)] ReadMemory at 0x7ffa31330000 of 64 bytes failed: 仅完成部分的 ReadProcessMemory 或 WriteProcessMemory 请求。 (0x12B)
[0424/220753.093:WARNING:pe_image_reader.cc(302)] could not read dos header from C:\WINDOWS\System32\WINTRUST.dll
[0424/220753.093:ERROR:process_memory_win.cc(73)] ReadMemory at 0x7ffa30250000 of 64 bytes failed: 仅完成部分的 ReadProcessMemory 或 WriteProcessMemory 请求。 (0x12B)
[0424/220753.093:WARNING:pe_image_reader.cc(302)] could not read dos header from C:\WINDOWS\System32\MSASN1.dll
[0424/220753.094:ERROR:process_memory_win.cc(73)] ReadMemory at 0x7ffa30fa0000 of 64 bytes failed: 仅完成部分的 ReadProcessMemory 或 WriteProcessMemory 请求。 (0x12B)
[0424/220753.094:WARNING:pe_image_reader.cc(302)] could not read dos header from C:\WINDOWS\System32\CRYPT32.dll
[0424/220753.094:ERROR:process_memory_win.cc(73)] ReadMemory at 0x7ffa30a00000 of 64 bytes failed: 仅完成部分的 ReadProcessMemory 或 WriteProcessMemory 请求。 (0x12B)
[0424/220753.094:WARNING:pe_image_reader.cc(302)] could not read dos header from C:\WINDOWS\System32\dxgi.dll
[0424/220753.094:ERROR:process_memory_win.cc(73)] ReadMemory at 0x7ffa33850000 of 64 bytes failed: 仅完成部分的 ReadProcessMemory 或 WriteProcessMemory 请求。 (0x12B)
[0424/220753.094:WARNING:pe_image_reader.cc(302)] could not read dos header from C:\WINDOWS\System32\USP10.dll
[0424/220753.094:ERROR:process_memory_win.cc(73)] ReadMemory at 0x2ed55280000 of 64 bytes failed: 仅完成部分的 ReadProcessMemory 或 WriteProcessMemory 请求。 (0x12B)
[0424/220753.094:WARNING:pe_image_reader.cc(302)] could not read dos header from C:\WINDOWS\System32\COMDLG32.dll
[0424/220753.094:ERROR:process_memory_win.cc(73)] ReadMemory at 0x7ffa2f7e0000 of 64 bytes failed: 仅完成部分的 ReadProcessMemory 或 WriteProcessMemory 请求。 (0x12B)
[0424/220753.094:WARNING:pe_image_reader.cc(302)] could not read dos header from C:\WINDOWS\SYSTEM32\IPHLPAPI.DLL
[0424/220753.094:ERROR:process_memory_win.cc(73)] ReadMemory at 0x7ffa2b720000 of 64 bytes failed: 仅完成部分的 ReadProcessMemory 或 WriteProcessMemory 请求。 (0x12B)
[0424/220753.094:WARNING:pe_image_reader.cc(302)] could not read dos header from C:\WINDOWS\SYSTEM32\OLEACC.dll
[0424/220753.094:ERROR:process_memory_win.cc(73)] ReadMemory at 0x7ffa20f60000 of 64 bytes failed: 仅完成部分的 ReadProcessMemory 或 WriteProcessMemory 请求。 (0x12B)
[0424/220753.094:WARNING:pe_image_reader.cc(302)] could not read dos header from C:\WINDOWS\SYSTEM32\DWrite.dll
[0424/220753.094:ERROR:process_memory_win.cc(73)] ReadMemory at 0x7ffa26dd0000 of 64 bytes failed: 仅完成部分的 ReadProcessMemory 或 WriteProcessMemory 请求。 (0x12B)
[0424/220753.094:WARNING:pe_image_reader.cc(302)] could not read dos header from C:\WINDOWS\SYSTEM32\WINSPOOL.DRV
[0424/220753.094:ERROR:process_memory_win.cc(73)] ReadMemory at 0x7ffa2ecf0000 of 64 bytes failed: 仅完成部分的 ReadProcessMemory 或 WriteProcessMemory 请求。 (0x12B)
[0424/220753.094:WARNING:pe_image_reader.cc(302)] could not read dos header from C:\WINDOWS\SYSTEM32\dbghelp.dll
[0424/220753.094:ERROR:process_memory_win.cc(73)] ReadMemory at 0x7ffa24d20000 of 64 bytes failed: 仅完成部分的 ReadProcessMemory 或 WriteProcessMemory 请求。 (0x12B)
[0424/220753.094:WARNING:pe_image_reader.cc(302)] could not read dos header from C:\WINDOWS\WinSxS\amd64_microsoft.windows.common-controls_6595b64144ccf1df_6.0.17134.706_none_fb43a2cb30647007\COMCTL32.dll
[0424/220753.094:ERROR:process_memory_win.cc(73)] ReadMemory at 0x7ffa26780000 of 64 bytes failed: 仅完成部分的 ReadProcessMemory 或 WriteProcessMemory 请求。 (0x12B)
[0424/220753.094:WARNING:pe_image_reader.cc(302)] could not read dos header from C:\WINDOWS\SYSTEM32\WINHTTP.dll
[0424/220753.094:ERROR:process_memory_win.cc(73)] ReadMemory at 0x7ffa22630000 of 64 bytes failed: 仅完成部分的 ReadProcessMemory 或 WriteProcessMemory 请求。 (0x12B)
[0424/220753.094:WARNING:pe_image_reader.cc(302)] could not read dos header from C:\WINDOWS\SYSTEM32\urlmon.dll
[0424/220753.094:ERROR:process_memory_win.cc(73)] ReadMemory at 0x7ffa222f0000 of 64 bytes failed: 仅完成部分的 ReadProcessMemory 或 WriteProcessMemory 请求。 (0x12B)
[0424/220753.094:WARNING:pe_image_reader.cc(302)] could not read dos header from C:\WINDOWS\SYSTEM32\Secur32.dll
[0424/220753.094:ERROR:process_memory_win.cc(73)] ReadMemory at 0x7ffa29ef0000 of 64 bytes failed: 仅完成部分的 ReadProcessMemory 或 WriteProcessMemory 请求。 (0x12B)
[0424/220753.094:WARNING:pe_image_reader.cc(302)] could not read dos header from C:\WINDOWS\SYSTEM32\dhcpcsvc.DLL
[0424/220753.094:ERROR:process_memory_win.cc(73)] ReadMemory at 0x7ffa31e80000 of 64 bytes failed: 仅完成部分的 ReadProcessMemory 或 WriteProcessMemory 请求。 (0x12B)
[0424/220753.095:WARNING:pe_image_reader.cc(302)] could not read dos header from C:\WINDOWS\System32\NSI.dll
[0424/220753.095:ERROR:process_memory_win.cc(73)] ReadMemory at 0x7ffa2e260000 of 64 bytes failed: 仅完成部分的 ReadProcessMemory 或 WriteProcessMemory 请求。 (0x12B)
[0424/220753.095:WARNING:pe_image_reader.cc(302)] could not read dos header from C:\WINDOWS\SYSTEM32\PROPSYS.dll
[0424/220753.095:ERROR:process_memory_win.cc(73)] ReadMemory at 0x7ffa2fd40000 of 64 bytes failed: 仅完成部分的 ReadProcessMemory 或 WriteProcessMemory 请求。 (0x12B)
[0424/220753.095:WARNING:pe_image_reader.cc(302)] could not read dos header from C:\WINDOWS\SYSTEM32\bcrypt.dll
[0424/220753.095:ERROR:process_memory_win.cc(73)] ReadMemory at 0x7ffa23650000 of 64 bytes failed: 仅完成部分的 ReadProcessMemory 或 WriteProcessMemory 请求。 (0x12B)
[0424/220753.095:WARNING:pe_image_reader.cc(302)] could not read dos header from C:\WINDOWS\SYSTEM32\iertutil.dll
[0424/220753.095:ERROR:process_memory_win.cc(73)] ReadMemory at 0x7ffa30100000 of 64 bytes failed: 仅完成部分的 ReadProcessMemory 或 WriteProcessMemory 请求。 (0x12B)
[0424/220753.095:WARNING:pe_image_reader.cc(302)] could not read dos header from C:\WINDOWS\SYSTEM32\SSPICLI.DLL
[0424/220753.104:ERROR:process_memory_win.cc(73)] ReadMemory at 0xf3373fb000 of 20480 bytes failed: 仅完成部分的 ReadProcessMemory 或 WriteProcessMemory 请求。 (0x12B)
[0424/220753.105:ERROR:process_memory_win.cc(73)] ReadMemory at 0xf3371ac000 of 852 bytes failed: 仅完成部分的 ReadProcessMemory 或 WriteProcessMemory 请求。 (0x12B)
[0424/220753.105:ERROR:process_memory_win.cc(73)] ReadMemory at 0xf3371ad000 of 6024 bytes failed: 仅完成部分的 ReadProcessMemory 或 WriteProcessMemory 请求。 (0x12B)
[0424/220753.105:ERROR:process_memory_win.cc(73)] ReadMemory at 0x2ed54910fc0 of 20774 bytes failed: 仅完成部分的 ReadProcessMemory 或 WriteProcessMemory 请求。 (0x12B)
[0424/220753.105:ERROR:process_memory_win.cc(73)] ReadMemory at 0x2ed549160f0 of 1012 bytes failed: 仅完成部分的 ReadProcessMemory 或 WriteProcessMemory 请求。 (0x12B)
[0424/220753.105:ERROR:process_memory_win.cc(73)] ReadMemory at 0x2ed54916708 of 118 bytes failed: 仅完成部分的 ReadProcessMemory 或 WriteProcessMemory 请求。 (0x12B)
[0424/220753.105:ERROR:process_memory_win.cc(73)] ReadMemory at 0x2ed54916780 of 650 bytes failed: 仅完成部分的 ReadProcessMemory 或 WriteProcessMemory 请求。 (0x12B)
[0424/220753.105:ERROR:process_memory_win.cc(73)] ReadMemory at 0x2ed54916a0c of 118 bytes failed: 仅完成部分的 ReadProcessMemory 或 WriteProcessMemory 请求。 (0x12B)
[0424/220753.105:ERROR:process_memory_win.cc(73)] ReadMemory at 0x2ed54916a84 of 98 bytes failed: 仅完成部分的 ReadProcessMemory 或 WriteProcessMemory 请求。 (0x12B)
[0424/220753.105:ERROR:process_memory_win.cc(73)] ReadMemory at 0x2ed54916b00 of 58 bytes failed: 仅完成部分的 ReadProcessMemory 或 WriteProcessMemory 请求。 (0x12B)
[0424/220753.105:ERROR:process_memory_win.cc(73)] ReadMemory at 0x2ed54916c00 of 132 bytes failed: 仅完成部分的 ReadProcessMemory 或 WriteProcessMemory 请求。 (0x12B)
[0424/220753.105:ERROR:process_memory_win.cc(73)] ReadMemory at 0x2ed54916d90 of 132 bytes failed: 仅完成部分的 ReadProcessMemory 或 WriteProcessMemory 请求。 (0x12B)
[0424/220753.105:ERROR:process_memory_win.cc(73)] ReadMemory at 0x2ed54916f50 of 126 bytes failed: 仅完成部分的 ReadProcessMemory 或 WriteProcessMemory 请求。 (0x12B)
[0424/220753.105:ERROR:process_memory_win.cc(73)] ReadMemory at 0x2ed54917330 of 132 bytes failed: 仅完成部分的 ReadProcessMemory 或 WriteProcessMemory 请求。 (0x12B)
[0424/220753.106:ERROR:process_memory_win.cc(73)] ReadMemory at 0x2ed549174c0 of 64 bytes failed: 仅完成部分的 ReadProcessMemory 或 WriteProcessMemory 请求。 (0x12B)
[0424/220753.106:ERROR:process_memory_win.cc(73)] ReadMemory at 0x2ed54917620 of 132 bytes failed: 仅完成部分的 ReadProcessMemory 或 WriteProcessMemory 请求。 (0x12B)
[0424/220753.106:ERROR:process_memory_win.cc(73)] ReadMemory at 0x2ed54917820 of 62 bytes failed: 仅完成部分的 ReadProcessMemory 或 WriteProcessMemory 请求。 (0x12B)
[0424/220753.106:ERROR:process_memory_win.cc(73)] ReadMemory at 0x2ed54917910 of 132 bytes failed: 仅完成部分的 ReadProcessMemory 或 WriteProcessMemory 请求。 (0x12B)
[0424/220753.106:ERROR:process_memory_win.cc(73)] ReadMemory at 0x2ed54917aa0 of 68 bytes failed: 仅完成部分的 ReadProcessMemory 或 WriteProcessMemory 请求。 (0x12B)
[0424/220753.106:ERROR:process_memory_win.cc(73)] ReadMemory at 0x2ed5491ddf0 of 132 bytes failed: 仅完成部分的 ReadProcessMemory 或 WriteProcessMemory 请求。 (0x12B)
[0424/220753.106:ERROR:process_memory_win.cc(73)] ReadMemory at 0x2ed5491e030 of 132 bytes failed: 仅完成部分的 ReadProcessMemory 或 WriteProcessMemory 请求。 (0x12B)
[0424/220753.106:ERROR:process_memory_win.cc(73)] ReadMemory at 0x2ed5491e1c0 of 62 bytes failed: 仅完成部分的 ReadProcessMemory 或 WriteProcessMemory 请求。 (0x12B)
[0424/220753.106:ERROR:process_memory_win.cc(73)] ReadMemory at 0x2ed5491f930 of 132 bytes failed: 仅完成部分的 ReadProcessMemory 或 WriteProcessMemory 请求。 (0x12B)
[0424/220753.106:ERROR:process_memory_win.cc(73)] ReadMemory at 0x2ed5491fac0 of 60 bytes failed: 仅完成部分的 ReadProcessMemory 或 WriteProcessMemory 请求。 (0x12B)
[0424/220753.106:ERROR:process_memory_win.cc(73)] ReadMemory at 0x2ed5491fb10 of 158 bytes failed: 仅完成部分的 ReadProcessMemory 或 WriteProcessMemory 请求。 (0x12B)
[0424/220753.107:ERROR:process_memory_win.cc(73)] ReadMemory at 0x2ed5491fd10 of 132 bytes failed: 仅完成部分的 ReadProcessMemory 或 WriteProcessMemory 请求。 (0x12B)
[0424/220753.107:ERROR:process_memory_win.cc(73)] ReadMemory at 0x2ed5491fea0 of 64 bytes failed: 仅完成部分的 ReadProcessMemory 或 WriteProcessMemory 请求。 (0x12B)
[0424/220753.107:ERROR:process_memory_win.cc(73)] ReadMemory at 0x2ed54920120 of 132 bytes failed: 仅完成部分的 ReadProcessMemory 或 WriteProcessMemory 请求。 (0x12B)
[0424/220753.107:ERROR:process_memory_win.cc(73)] ReadMemory at 0x2ed549202b0 of 64 bytes failed: 仅完成部分的 ReadProcessMemory 或 WriteProcessMemory 请求。 (0x12B)
[0424/220753.107:ERROR:process_memory_win.cc(73)] ReadMemory at 0x2ed54920510 of 132 bytes failed: 仅完成部分的 ReadProcessMemory 或 WriteProcessMemory 请求。 (0x12B)
[0424/220753.107:ERROR:process_memory_win.cc(73)] ReadMemory at 0x2ed549206a0 of 60 bytes failed: 仅完成部分的 ReadProcessMemory 或 WriteProcessMemory 请求。 (0x12B)
[0424/220753.107:ERROR:process_memory_win.cc(73)] ReadMemory at 0x2ed549209c0 of 132 bytes failed: 仅完成部分的 ReadProcessMemory 或 WriteProcessMemory 请求。 (0x12B)
[0424/220753.107:ERROR:process_memory_win.cc(73)] ReadMemory at 0x2ed54920b50 of 60 bytes failed: 仅完成部分的 ReadProcessMemory 或 WriteProcessMemory 请求。 (0x12B)
[0424/220753.107:ERROR:process_memory_win.cc(73)] ReadMemory at 0x2ed54920d90 of 132 bytes failed: 仅完成部分的 ReadProcessMemory 或 WriteProcessMemory 请求。 (0x12B)
[0424/220753.107:ERROR:process_memory_win.cc(73)] ReadMemory at 0x2ed54920f20 of 62 bytes failed: 仅完成部分的 ReadProcessMemory 或 WriteProcessMemory 请求。 (0x12B)
[0424/220753.107:ERROR:process_memory_win.cc(73)] ReadMemory at 0x2ed54920f70 of 246 bytes failed: 仅完成部分的 ReadProcessMemory 或 WriteProcessMemory 请求。 (0x12B)
[0424/220753.107:ERROR:process_memory_win.cc(73)] ReadMemory at 0x2ed54921a70 of 132 bytes failed: 仅完成部分的 ReadProcessMemory 或 WriteProcessMemory 请求。 (0x12B)
[0424/220753.107:ERROR:process_memory_win.cc(73)] ReadMemory at 0x2ed54921f50 of 78 bytes failed: 仅完成部分的 ReadProcessMemory 或 WriteProcessMemory 请求。 (0x12B)
[0424/220753.108:ERROR:process_memory_win.cc(73)] ReadMemory at 0x2ed54922190 of 80 bytes failed: 仅完成部分的 ReadProcessMemory 或 WriteProcessMemory 请求。 (0x12B)
[0424/220753.108:ERROR:process_memory_win.cc(73)] ReadMemory at 0x2ed549222b0 of 76 bytes failed: 仅完成部分的 ReadProcessMemory 或 WriteProcessMemory 请求。 (0x12B)
[0424/220753.108:ERROR:process_memory_win.cc(73)] ReadMemory at 0x2ed549225a0 of 132 bytes failed: 仅完成部分的 ReadProcessMemory 或 WriteProcessMemory 请求。 (0x12B)
[0424/220753.108:ERROR:process_memory_win.cc(73)] ReadMemory at 0x2ed54922a80 of 132 bytes failed: 仅完成部分的 ReadProcessMemory 或 WriteProcessMemory 请求。 (0x12B)
[0424/220753.108:ERROR:process_memory_win.cc(73)] ReadMemory at 0x2ed54922bb0 of 64 bytes failed: 仅完成部分的 ReadProcessMemory 或 WriteProcessMemory 请求。 (0x12B)
[0424/220753.108:ERROR:process_memory_win.cc(73)] ReadMemory at 0x2ed54923d20 of 132 bytes failed: 仅完成部分的 ReadProcessMemory 或 WriteProcessMemory 请求。 (0x12B)
[0424/220753.108:ERROR:process_memory_win.cc(73)] ReadMemory at 0x2ed54923ea0 of 60 bytes failed: 仅完成部分的 ReadProcessMemory 或 WriteProcessMemory 请求。 (0x12B)
[0424/220753.108:ERROR:process_memory_win.cc(73)] ReadMemory at 0x2ed54923ef0 of 58 bytes failed: 仅完成部分的 ReadProcessMemory 或 WriteProcessMemory 请求。 (0x12B)
[0424/220753.108:ERROR:process_memory_win.cc(73)] ReadMemory at 0x2ed54923f40 of 66 bytes failed: 仅完成部分的 ReadProcessMemory 或 WriteProcessMemory 请求。 (0x12B)
[0424/220753.108:ERROR:process_memory_win.cc(73)] ReadMemory at 0x2ed54924030 of 60 bytes failed: 仅完成部分的 ReadProcessMemory 或 WriteProcessMemory 请求。 (0x12B)
[0424/220753.108:ERROR:process_memory_win.cc(73)] ReadMemory at 0x2ed54924080 of 64 bytes failed: 仅完成部分的 ReadProcessMemory 或 WriteProcessMemory 请求。 (0x12B)
[0424/220753.108:ERROR:process_memory_win.cc(73)] ReadMemory at 0x2ed54924170 of 58 bytes failed: 仅完成部分的 ReadProcessMemory 或 WriteProcessMemory 请求。 (0x12B)
[0424/220753.108:ERROR:process_memory_win.cc(73)] ReadMemory at 0x2ed549243a0 of 66 bytes failed: 仅完成部分的 ReadProcessMemory 或 WriteProcessMemory 请求。 (0x12B)
[0424/220753.108:ERROR:process_memory_win.cc(73)] ReadMemory at 0x2ed549243f0 of 58 bytes failed: 仅完成部分的 ReadProcessMemory 或 WriteProcessMemory 请求。 (0x12B)
[0424/220753.108:ERROR:process_memory_win.cc(73)] ReadMemory at 0x2ed54924440 of 62 bytes failed: 仅完成部分的 ReadProcessMemory 或 WriteProcessMemory 请求。 (0x12B)
[0424/220753.108:ERROR:process_memory_win.cc(73)] ReadMemory at 0x2ed54924490 of 66 bytes failed: 仅完成部分的 ReadProcessMemory 或 WriteProcessMemory 请求。 (0x12B)
[0424/220753.109:ERROR:process_memory_win.cc(73)] ReadMemory at 0x2ed549244e0 of 60 bytes failed: 仅完成部分的 ReadProcessMemory 或 WriteProcessMemory 请求。 (0x12B)
[0424/220753.109:ERROR:process_memory_win.cc(73)] ReadMemory at 0x2ed54924530 of 62 bytes failed: 仅完成部分的 ReadProcessMemory 或 WriteProcessMemory 请求。 (0x12B)
[0424/220753.109:ERROR:process_memory_win.cc(73)] ReadMemory at 0x2ed54924580 of 62 bytes failed: 仅完成部分的 ReadProcessMemory 或 WriteProcessMemory 请求。 (0x12B)
[0424/220753.109:ERROR:process_memory_win.cc(73)] ReadMemory at 0x2ed549245d0 of 62 bytes failed: 仅完成部分的 ReadProcessMemory 或 WriteProcessMemory 请求。 (0x12B)
[0424/220753.109:ERROR:process_memory_win.cc(73)] ReadMemory at 0x2ed54924780 of 132 bytes failed: 仅完成部分的 ReadProcessMemory 或 WriteProcessMemory 请求。 (0x12B)
[0424/220753.109:ERROR:process_memory_win.cc(73)] ReadMemory at 0x2ed549248b0 of 132 bytes failed: 仅完成部分的 ReadProcessMemory 或 WriteProcessMemory 请求。 (0x12B)
[0424/220753.109:ERROR:process_memory_win.cc(73)] ReadMemory at 0x2ed549249e0 of 132 bytes failed: 仅完成部分的 ReadProcessMemory 或 WriteProcessMemory 请求。 (0x12B)
[0424/220753.109:ERROR:process_memory_win.cc(73)] ReadMemory at 0x2ed54924b10 of 132 bytes failed: 仅完成部分的 ReadProcessMemory 或 WriteProcessMemory 请求。 (0x12B)
[0424/220753.109:ERROR:process_memory_win.cc(73)] ReadMemory at 0x2ed54924c40 of 132 bytes failed: 仅完成部分的 ReadProcessMemory 或 WriteProcessMemory 请求。 (0x12B)
[0424/220753.109:ERROR:process_memory_win.cc(73)] ReadMemory at 0x2ed54924d70 of 132 bytes failed: 仅完成部分的 ReadProcessMemory 或 WriteProcessMemory 请求。 (0x12B)
[0424/220753.109:ERROR:process_memory_win.cc(73)] ReadMemory at 0x2ed54924ea0 of 132 bytes failed: 仅完成部分的 ReadProcessMemory 或 WriteProcessMemory 请求。 (0x12B)
[0424/220753.109:ERROR:process_memory_win.cc(73)] ReadMemory at 0x2ed54924fd0 of 132 bytes failed: 仅完成部分的 ReadProcessMemory 或 WriteProcessMemory 请求。 (0x12B)
[0424/220753.109:ERROR:process_memory_win.cc(73)] ReadMemory at 0x2ed54925100 of 132 bytes failed: 仅完成部分的 ReadProcessMemory 或 WriteProcessMemory 请求。 (0x12B)
[0424/220753.109:ERROR:process_memory_win.cc(73)] ReadMemory at 0x2ed54925230 of 132 bytes failed: 仅完成部分的 ReadProcessMemory 或 WriteProcessMemory 请求。 (0x12B)
[0424/220753.109:ERROR:process_memory_win.cc(73)] ReadMemory at 0x2ed54925360 of 132 bytes failed: 仅完成部分的 ReadProcessMemory 或 WriteProcessMemory 请求。 (0x12B)
[0424/220753.110:ERROR:process_memory_win.cc(73)] ReadMemory at 0x2ed54925490 of 132 bytes failed: 仅完成部分的 ReadProcessMemory 或 WriteProcessMemory 请求。 (0x12B)
[0424/220753.110:ERROR:process_memory_win.cc(73)] ReadMemory at 0x2ed549255c0 of 132 bytes failed: 仅完成部分的 ReadProcessMemory 或 WriteProcessMemory 请求。 (0x12B)
[0424/220753.110:ERROR:process_memory_win.cc(73)] ReadMemory at 0x2ed549257ac of 512 bytes failed: 仅完成部分的 ReadProcessMemory 或 WriteProcessMemory 请求。 (0x12B)
[0424/220753.110:ERROR:process_memory_win.cc(73)] ReadMemory at 0x2ed549272f0 of 132 bytes failed: 仅完成部分的 ReadProcessMemory 或 WriteProcessMemory 请求。 (0x12B)
[0424/220753.110:ERROR:process_memory_win.cc(73)] ReadMemory at 0x2ed54927420 of 132 bytes failed: 仅完成部分的 ReadProcessMemory 或 WriteProcessMemory 请求。 (0x12B)
[0424/220753.110:ERROR:process_memory_win.cc(73)] ReadMemory at 0x2ed54927550 of 132 bytes failed: 仅完成部分的 ReadProcessMemory 或 WriteProcessMemory 请求。 (0x12B)
[0424/220753.110:ERROR:process_memory_win.cc(73)] ReadMemory at 0x2ed54927680 of 132 bytes failed: 仅完成部分的 ReadProcessMemory 或 WriteProcessMemory 请求。 (0x12B)
[0424/220753.110:ERROR:process_memory_win.cc(73)] ReadMemory at 0x2ed549277b0 of 132 bytes failed: 仅完成部分的 ReadProcessMemory 或 WriteProcessMemory 请求。 (0x12B)
[0424/220753.110:ERROR:process_memory_win.cc(73)] ReadMemory at 0x2ed549278e0 of 132 bytes failed: 仅完成部分的 ReadProcessMemory 或 WriteProcessMemory 请求。 (0x12B)
[0424/220753.110:ERROR:process_memory_win.cc(73)] ReadMemory at 0x2ed54927a10 of 132 bytes failed: 仅完成部分的 ReadProcessMemory 或 WriteProcessMemory 请求。 (0x12B)
[0424/220753.110:ERROR:process_memory_win.cc(73)] ReadMemory at 0x2ed54927b40 of 132 bytes failed: 仅完成部分的 ReadProcessMemory 或 WriteProcessMemory 请求。 (0x12B)
[0424/220753.110:ERROR:process_memory_win.cc(73)] ReadMemory at 0x2ed54927c70 of 132 bytes failed: 仅完成部分的 ReadProcessMemory 或 WriteProcessMemory 请求。 (0x12B)
[0424/220753.110:ERROR:process_memory_win.cc(73)] ReadMemory at 0x2ed54927da0 of 132 bytes failed: 仅完成部分的 ReadProcessMemory 或 WriteProcessMemory 请求。 (0x12B)
[0424/220753.110:ERROR:process_memory_win.cc(73)] ReadMemory at 0x2ed54927ed0 of 132 bytes failed: 仅完成部分的 ReadProcessMemory 或 WriteProcessMemory 请求。 (0x12B)
[0424/220753.111:ERROR:process_memory_win.cc(73)] ReadMemory at 0x2ed54928000 of 132 bytes failed: 仅完成部分的 ReadProcessMemory 或 WriteProcessMemory 请求。 (0x12B)
[0424/220753.111:ERROR:process_memory_win.cc(73)] ReadMemory at 0x2ed54928130 of 132 bytes failed: 仅完成部分的 ReadProcessMemory 或 WriteProcessMemory 请求。 (0x12B)
[0424/220753.111:ERROR:process_memory_win.cc(73)] ReadMemory at 0x2ed54928260 of 132 bytes failed: 仅完成部分的 ReadProcessMemory 或 WriteProcessMemory 请求。 (0x12B)
[0424/220753.111:ERROR:process_memory_win.cc(73)] ReadMemory at 0x2ed54928390 of 132 bytes failed: 仅完成部分的 ReadProcessMemory 或 WriteProcessMemory 请求。 (0x12B)
[0424/220753.111:ERROR:process_memory_win.cc(73)] ReadMemory at 0x2ed549284c0 of 132 bytes failed: 仅完成部分的 ReadProcessMemory 或 WriteProcessMemory 请求。 (0x12B)
[0424/220753.111:ERROR:process_memory_win.cc(73)] ReadMemory at 0x2ed549285f0 of 132 bytes failed: 仅完成部分的 ReadProcessMemory 或 WriteProcessMemory 请求。 (0x12B)
[0424/220753.111:ERROR:process_memory_win.cc(73)] ReadMemory at 0x2ed54928720 of 132 bytes failed: 仅完成部分的 ReadProcessMemory 或 WriteProcessMemory 请求。 (0x12B)
[0424/220753.111:ERROR:process_memory_win.cc(73)] ReadMemory at 0x2ed54928980 of 132 bytes failed: 仅完成部分的 ReadProcessMemory 或 WriteProcessMemory 请求。 (0x12B)
[0424/220753.111:ERROR:process_memory_win.cc(73)] ReadMemory at 0x2ed54928be0 of 132 bytes failed: 仅完成部分的 ReadProcessMemory 或 WriteProcessMemory 请求。 (0x12B)
[0424/220753.111:ERROR:process_memory_win.cc(73)] ReadMemory at 0x2ed54928d10 of 132 bytes failed: 仅完成部分的 ReadProcessMemory 或 WriteProcessMemory 请求。 (0x12B)
[0424/220753.111:ERROR:process_memory_win.cc(73)] ReadMemory at 0x2ed54928e40 of 132 bytes failed: 仅完成部分的 ReadProcessMemory 或 WriteProcessMemory 请求。 (0x12B)
[0424/220753.111:ERROR:process_memory_win.cc(73)] ReadMemory at 0x2ed54928f70 of 132 bytes failed: 仅完成部分的 ReadProcessMemory 或 WriteProcessMemory 请求。 (0x12B)
[0424/220753.111:ERROR:process_memory_win.cc(73)] ReadMemory at 0x2ed549290a0 of 132 bytes failed: 仅完成部分的 ReadProcessMemory 或 WriteProcessMemory 请求。 (0x12B)
[0424/220753.112:ERROR:process_memory_win.cc(73)] ReadMemory at 0x2ed5492a3a0 of 154 bytes failed: 仅完成部分的 ReadProcessMemory 或 WriteProcessMemory 请求。 (0x12B)
[0424/220753.112:ERROR:process_memory_win.cc(73)] ReadMemory at 0x2ed5492d250 of 58 bytes failed: 仅完成部分的 ReadProcessMemory 或 WriteProcessMemory 请求。 (0x12B)
[0424/220753.112:ERROR:process_memory_win.cc(73)] ReadMemory at 0x2ed5492d6b0 of 66 bytes failed: 仅完成部分的 ReadProcessMemory 或 WriteProcessMemory 请求。 (0x12B)
[0424/220753.112:ERROR:process_memory_win.cc(73)] ReadMemory at 0x2ed5492de30 of 62 bytes failed: 仅完成部分的 ReadProcessMemory 或 WriteProcessMemory 请求。 (0x12B)
[0424/220753.112:ERROR:process_memory_win.cc(73)] ReadMemory at 0x2ed54933240 of 54 bytes failed: 仅完成部分的 ReadProcessMemory 或 WriteProcessMemory 请求。 (0x12B)
[0424/220753.112:ERROR:process_memory_win.cc(73)] ReadMemory at 0x2ed5493bf30 of 58 bytes failed: 仅完成部分的 ReadProcessMemory 或 WriteProcessMemory 请求。 (0x12B)
[0424/220753.112:ERROR:process_memory_win.cc(73)] ReadMemory at 0x2ed5493bfd0 of 60 bytes failed: 仅完成部分的 ReadProcessMemory 或 WriteProcessMemory 请求。 (0x12B)
[0424/220753.112:ERROR:process_memory_win.cc(73)] ReadMemory at 0x2ed5493c020 of 60 bytes failed: 仅完成部分的 ReadProcessMemory 或 WriteProcessMemory 请求。 (0x12B)
[0424/220753.112:ERROR:process_memory_win.cc(73)] ReadMemory at 0x2ed5493c1b0 of 60 bytes failed: 仅完成部分的 ReadProcessMemory 或 WriteProcessMemory 请求。 (0x12B)
[0424/220753.112:ERROR:process_memory_win.cc(73)] ReadMemory at 0x2ed5493c200 of 62 bytes failed: 仅完成部分的 ReadProcessMemory 或 WriteProcessMemory 请求。 (0x12B)
[0424/220753.112:ERROR:process_memory_win.cc(73)] ReadMemory at 0x2ed5493c250 of 64 bytes failed: 仅完成部分的 ReadProcessMemory 或 WriteProcessMemory 请求。 (0x12B)
[0424/220753.112:ERROR:process_memory_win.cc(73)] ReadMemory at 0x2ed5493c2a0 of 64 bytes failed: 仅完成部分的 ReadProcessMemory 或 WriteProcessMemory 请求。 (0x12B)
[0424/220753.112:ERROR:process_memory_win.cc(73)] ReadMemory at 0x2ed5493c390 of 58 bytes failed: 仅完成部分的 ReadProcessMemory 或 WriteProcessMemory 请求。 (0x12B)
[0424/220753.113:ERROR:process_memory_win.cc(73)] ReadMemory at 0x2ed5493c4d0 of 62 bytes failed: 仅完成部分的 ReadProcessMemory 或 WriteProcessMemory 请求。 (0x12B)
[0424/220753.113:ERROR:process_memory_win.cc(73)] ReadMemory at 0x2ed5493c570 of 64 bytes failed: 仅完成部分的 ReadProcessMemory 或 WriteProcessMemory 请求。 (0x12B)
[0424/220753.113:ERROR:process_memory_win.cc(73)] ReadMemory at 0x2ed5493c700 of 64 bytes failed: 仅完成部分的 ReadProcessMemory 或 WriteProcessMemory 请求。 (0x12B)
[0424/220753.113:ERROR:process_memory_win.cc(73)] ReadMemory at 0x2ed5493c750 of 60 bytes failed: 仅完成部分的 ReadProcessMemory 或 WriteProcessMemory 请求。 (0x12B)
[0424/220753.113:ERROR:process_memory_win.cc(73)] ReadMemory at 0x2ed5493c7f0 of 60 bytes failed: 仅完成部分的 ReadProcessMemory 或 WriteProcessMemory 请求。 (0x12B)
[0424/220753.113:ERROR:process_memory_win.cc(73)] ReadMemory at 0x2ed5493c840 of 62 bytes failed: 仅完成部分的 ReadProcessMemory 或 WriteProcessMemory 请求。 (0x12B)
[0424/220753.113:ERROR:process_memory_win.cc(73)] ReadMemory at 0x2ed5493c8e0 of 62 bytes failed: 仅完成部分的 ReadProcessMemory 或 WriteProcessMemory 请求。 (0x12B)
[0424/220753.113:ERROR:process_memory_win.cc(73)] ReadMemory at 0x2ed5493c930 of 62 bytes failed: 仅完成部分的 ReadProcessMemory 或 WriteProcessMemory 请求。 (0x12B)
[0424/220753.113:ERROR:process_memory_win.cc(73)] ReadMemory at 0x2ed5493ca20 of 56 bytes failed: 仅完成部分的 ReadProcessMemory 或 WriteProcessMemory 请求。 (0x12B)
[0424/220753.114:ERROR:process_memory_win.cc(73)] ReadMemory at 0x2ed5493ca70 of 64 bytes failed: 仅完成部分的 ReadProcessMemory 或 WriteProcessMemory 请求。 (0x12B)
[0424/220753.114:ERROR:process_memory_win.cc(73)] ReadMemory at 0x2ed5493cac0 of 60 bytes failed: 仅完成部分的 ReadProcessMemory 或 WriteProcessMemory 请求。 (0x12B)
[0424/220753.114:ERROR:process_memory_win.cc(73)] ReadMemory at 0x2ed5493cc50 of 64 bytes failed: 仅完成部分的 ReadProcessMemory 或 WriteProcessMemory 请求。 (0x12B)
[0424/220753.114:ERROR:process_memory_win.cc(73)] ReadMemory at 0x2ed5493cca0 of 62 bytes failed: 仅完成部分的 ReadProcessMemory 或 WriteProcessMemory 请求。 (0x12B)
[0424/220753.114:ERROR:process_memory_win.cc(73)] ReadMemory at 0x2ed5493ce30 of 64 bytes failed: 仅完成部分的 ReadProcessMemory 或 WriteProcessMemory 请求。 (0x12B)
[0424/220753.114:ERROR:process_memory_win.cc(73)] ReadMemory at 0x2ed54940a20 of 132 bytes failed: 仅完成部分的 ReadProcessMemory 或 WriteProcessMemory 请求。 (0x12B)
[0424/220753.114:ERROR:process_memory_win.cc(73)] ReadMemory at 0x2ed54941140 of 132 bytes failed: 仅完成部分的 ReadProcessMemory 或 WriteProcessMemory 请求。 (0x12B)
[0424/220753.114:ERROR:process_memory_win.cc(73)] ReadMemory at 0x2ed54941bf0 of 132 bytes failed: 仅完成部分的 ReadProcessMemory 或 WriteProcessMemory 请求。 (0x12B)
[0424/220753.114:ERROR:process_memory_win.cc(73)] ReadMemory at 0x2ed54941d20 of 132 bytes failed: 仅完成部分的 ReadProcessMemory 或 WriteProcessMemory 请求。 (0x12B)
[0424/220753.114:ERROR:process_memory_win.cc(73)] ReadMemory at 0x2ed54941f80 of 132 bytes failed: 仅完成部分的 ReadProcessMemory 或 WriteProcessMemory 请求。 (0x12B)
[0424/220753.114:ERROR:process_memory_win.cc(73)] ReadMemory at 0x7ffa309b0000 of 384 bytes failed: 仅完成部分的 ReadProcessMemory 或 WriteProcessMemory 请求。 (0x12B)
[0424/220753.114:ERROR:process_memory_win.cc(73)] ReadMemory at 0x7ffa309c1c50 of 512 bytes failed: 仅完成部分的 ReadProcessMemory 或 WriteProcessMemory 请求。 (0x12B)
[0424/220753.114:ERROR:process_memory_win.cc(73)] ReadMemory at 0x7ffa30c5026e of 512 bytes failed: 仅完成部分的 ReadProcessMemory 或 WriteProcessMemory 请求。 (0x12B)
[0424/220753.115:ERROR:process_memory_win.cc(73)] ReadMemory at 0x7ffa3426afa4 of 512 bytes failed: 仅完成部分的 ReadProcessMemory 或 WriteProcessMemory 请求。 (0x12B)
[0424/220753.115:ERROR:process_memory_win.cc(73)] ReadMemory at 0x7ffa3426e70a of 512 bytes failed: 仅完成部分的 ReadProcessMemory 或 WriteProcessMemory 请求。 (0x12B)
[0424/220753.115:ERROR:process_memory_win.cc(73)] ReadMemory at 0x7ffa342f01e0 of 18 bytes failed: 仅完成部分的 ReadProcessMemory 或 WriteProcessMemory 请求。 (0x12B)
[0424/220753.115:ERROR:process_memory_win.cc(73)] ReadMemory at 0x7ffa343265b0 of 40 bytes failed: 仅完成部分的 ReadProcessMemory 或 WriteProcessMemory 请求。 (0x12B)
[0424/220753.115:ERROR:process_memory_win.cc(73)] ReadMemory at 0x7ffa34326a08 of 48 bytes failed: 仅完成部分的 ReadProcessMemory 或 WriteProcessMemory 请求。 (0x12B)
[0424/220753.115:ERROR:process_memory_win.cc(73)] ReadMemory at 0x7ffa3432c260 of 512 bytes failed: 仅完成部分的 ReadProcessMemory 或 WriteProcessMemory 请求。 (0x12B)
[0424/220753.117:ERROR:scoped_process_suspend.cc(40)] NtResumeProcess: 已尝试访问正在退出的过程。 (0xc000010a)
